<?xml version="1.0" encoding="UTF-8"?>
<!-- Generated by org.testng.reporters.JUnitReportReporter -->
<testsuite skipped="0" hostname="deven.qa.afilias.in" name="com.qa.hubspot.tests.UserPreferencesPageTest" tests="1" failures="0" timestamp="2019-11-02T17:41:07 IST" time="19.721" errors="0">
  <testcase name="getUserPreferencesPageTitleTest" time="19.721" classname="com.qa.hubspot.tests.UserPreferencesPageTest"/>
</testsuite> <!-- com.qa.hubspot.tests.UserPreferencesPageTest -->
